--- Startup times for process: Primary (or UI client) ---

times in msec
 clock   self+sourced   self:  sourced script
 clock   elapsed:              other lines

000.001  000.001: --- NVIM STARTING ---
000.173  000.172: event init
000.276  000.103: early init
000.326  000.050: locale set
000.378  000.052: init first window
000.887  000.509: inits 1
000.897  000.010: window checked
000.971  000.074: parsing arguments
001.859  000.067  000.067: require('vim.shared')
002.003  000.058  000.058: require('vim.inspect')
002.105  000.089  000.089: require('vim._options')
002.109  000.243  000.096: require('vim._editor')
002.111  000.356  000.046: require('vim._init_packages')
002.114  000.786: init lua interpreter
004.656  002.542: nvim_ui_attach
005.237  000.581: nvim_set_client_info
005.242  000.005: --- NVIM STARTED ---

--- Startup times for process: Embedded ---

times in msec
 clock   self+sourced   self:  sourced script
 clock   elapsed:              other lines

000.001  000.001: --- NVIM STARTING ---
000.146  000.145: event init
000.249  000.103: early init
000.295  000.046: locale set
000.337  000.042: init first window
000.842  000.504: inits 1
000.857  000.015: window checked
000.921  000.064: parsing arguments
001.759  000.076  000.076: require('vim.shared')
001.942  000.060  000.060: require('vim.inspect')
002.011  000.054  000.054: require('vim._options')
002.014  000.249  000.134: require('vim._editor')
002.017  000.364  000.039: require('vim._init_packages')
002.019  000.734: init lua interpreter
002.096  000.077: expanding arguments
002.125  000.029: inits 2
002.523  000.398: init highlight
002.525  000.003: waiting for UI
002.681  000.156: done waiting for UI
002.696  000.015: clear screen
002.886  000.020  000.020: require('vim.keymap')
004.078  000.195  000.195: sourcing nvim_exec2()
004.283  001.583  001.368: require('vim._defaults')
004.286  000.007: init default mappings & autocommands
004.798  000.060  000.060: sourcing /usr/share/nvim/runtime/ftplugin.vim
004.874  000.037  000.037: sourcing /usr/share/nvim/runtime/indent.vim
005.048  000.118  000.118: sourcing /usr/share/nvim/archlinux.lua
005.055  000.150  000.032: sourcing /etc/xdg/nvim/sysinit.vim
005.697  000.016  000.016: sourcing nvim_exec2() called at /home/thapelo/dotfiles/.config/nvim/init.lua:0
008.429  000.012  000.012: require('vim.F')
008.509  002.589  002.577: require('vim.diagnostic')
008.518  002.958  000.354: require('thapelo.core.options')
008.904  000.384  000.384: require('thapelo.core.keymaps')
008.977  000.068  000.068: require('thapelo.core.autosave')
009.001  003.871  000.461: require('thapelo.core')
009.782  000.617  000.617: require('lazy')
009.834  000.026  000.026: require('ffi')
009.915  000.042  000.042: require('vim.fs')
010.113  000.193  000.193: require('vim.uri')
010.140  000.302  000.067: require('vim.loader')
010.334  000.167  000.167: require('lazy.stats')
010.642  000.278  000.278: require('lazy.core.util')
010.922  000.274  000.274: require('lazy.core.config')
011.387  000.199  000.199: require('lazy.core.handler')
012.043  000.073  000.073: require('lazy.pkg')
012.053  000.388  000.315: require('lazy.core.meta')
012.061  000.669  000.281: require('lazy.core.plugin')
012.073  001.147  000.278: require('lazy.core.loader')
012.919  000.122  000.122: require('lazy.core.fragments')
024.160  000.084  000.084: require('lazy.core.handler.event')
024.172  000.240  000.156: require('lazy.core.handler.ft')
024.241  000.064  000.064: require('lazy.core.handler.cmd')
024.352  000.105  000.105: require('lazy.core.handler.keys')
024.536  000.012  000.012: sourcing nvim_exec2() called at /home/thapelo/dotfiles/.config/nvim/init.lua:0
024.566  000.003  000.003: sourcing nvim_exec2() called at /home/thapelo/dotfiles/.config/nvim/init.lua:0
026.533  000.212  000.212: sourcing nvim_exec2() called at /usr/share/nvim/runtime/filetype.lua:0
026.543  000.353  000.140: sourcing /usr/share/nvim/runtime/filetype.lua
026.549  000.403  000.050: sourcing nvim_exec2() called at /home/thapelo/dotfiles/.config/nvim/init.lua:0
026.794  000.005  000.005: sourcing nvim_exec2() called at /home/thapelo/dotfiles/.config/nvim/init.lua:0
026.809  000.002  000.002: sourcing nvim_exec2() called at /home/thapelo/dotfiles/.config/nvim/init.lua:0
027.851  000.123  000.123: require('solarized-osaka.treesitter')
027.871  000.220  000.097: require('solarized-osaka.util')
027.874  000.286  000.066: require('solarized-osaka.theme')
028.160  000.284  000.284: require('solarized-osaka.config')
028.166  001.335  000.765: require('solarized-osaka')
029.354  000.051  000.051: require('solarized-osaka.hsl')
029.554  000.343  000.292: require('solarized-osaka.colors')
029.785  000.122  000.122: require('solarized-osaka.groups')
033.636  004.557  004.093: sourcing /home/thapelo/.local/share/nvim/lazy/solarized-osaka.nvim/colors/solarized-osaka.lua
033.861  000.035  000.035: sourcing /home/thapelo/.local/share/nvim/lazy/zen-mode.nvim/plugin/zen-mode.vim
033.868  000.081  000.045: sourcing nvim_exec2() called at /home/thapelo/dotfiles/.config/nvim/init.lua:0
033.881  000.003  000.003: sourcing nvim_exec2() called at /home/thapelo/dotfiles/.config/nvim/init.lua:0
033.918  000.002  000.002: sourcing nvim_exec2() called at /home/thapelo/dotfiles/.config/nvim/init.lua:0
034.691  000.143  000.143: require('zen-mode.util')
034.709  000.314  000.170: require('zen-mode.config')
034.990  000.163  000.163: require('zen-mode.plugins')
035.004  000.292  000.129: require('zen-mode.view')
035.010  001.008  000.402: require('zen-mode')
035.073  000.008  000.008: sourcing nvim_exec2() called at /home/thapelo/dotfiles/.config/nvim/init.lua:0
035.087  000.009  000.009: sourcing nvim_exec2() called at /home/thapelo/dotfiles/.config/nvim/init.lua:0
035.543  000.061  000.061: sourcing /home/thapelo/.local/share/nvim/lazy/nvim-web-devicons/plugin/nvim-web-devicons.vim
035.550  000.103  000.042: sourcing nvim_exec2() called at /home/thapelo/dotfiles/.config/nvim/init.lua:0
035.563  000.003  000.003: sourcing nvim_exec2() called at /home/thapelo/dotfiles/.config/nvim/init.lua:0
035.582  000.002  000.002: sourcing nvim_exec2() called at /home/thapelo/dotfiles/.config/nvim/init.lua:0
036.681  000.871  000.871: require('nvim-tree.commands')
036.960  001.228  000.357: sourcing /home/thapelo/.local/share/nvim/lazy/nvim-tree.lua/plugin/nvim-tree.lua
036.969  001.268  000.041: sourcing nvim_exec2() called at /home/thapelo/dotfiles/.config/nvim/init.lua:0
036.996  000.005  000.005: sourcing nvim_exec2() called at /home/thapelo/dotfiles/.config/nvim/init.lua:0
037.019  000.002  000.002: sourcing nvim_exec2() called at /home/thapelo/dotfiles/.config/nvim/init.lua:0
037.748  000.204  000.204: require('nvim-tree._meta.api.appearance')
037.956  000.202  000.202: require('nvim-tree._meta.api.commands')
038.105  000.144  000.144: require('nvim-tree._meta.api.events')
038.284  000.176  000.176: require('nvim-tree._meta.api.filter')
038.564  000.276  000.276: require('nvim-tree._meta.api.fs')
038.773  000.205  000.205: require('nvim-tree._meta.api.git')
039.000  000.224  000.224: require('nvim-tree._meta.api.map')
039.251  000.247  000.247: require('nvim-tree._meta.api.marks')
039.471  000.213  000.213: require('nvim-tree._meta.api.node')
039.603  000.127  000.127: require('nvim-tree._meta.api.tree')
039.887  000.116  000.116: require('nvim-tree.classic')
039.934  000.328  000.212: require('nvim-tree._meta.api.decorator')
040.015  000.078  000.078: require('nvim-tree._meta.api.deprecated')
040.251  000.072  000.072: require('nvim-tree.notify')
040.256  000.169  000.097: require('nvim-tree.legacy')
040.331  000.072  000.072: require('nvim-tree.events')
040.412  000.078  000.078: require('nvim-tree.keymap')
040.485  000.070  000.070: require('nvim-tree.renderer.decorator')
040.489  000.469  000.080: require('nvim-tree.api.impl.pre')
040.569  003.278  000.384: require('nvim-tree.api')
040.642  000.070  000.070: require('nvim-tree.log')
040.887  000.130  000.130: require('nvim-tree.utils')
040.911  000.265  000.135: require('nvim-tree.view')
041.250  000.051  000.051: require('nvim-tree.core')
041.385  000.060  000.060: require('nvim-tree.git.utils')
041.436  000.048  000.048: require('nvim-tree.renderer.components.devicons')
041.489  000.050  000.050: require('nvim-tree.iterators.node-iterator')
041.579  000.087  000.087: require('nvim-tree.node')
041.614  000.359  000.115: require('nvim-tree.node.directory')
041.618  000.477  000.066: require('nvim-tree.actions.finders.find-file')
041.680  000.059  000.059: require('nvim-tree.actions.finders.search-node')
041.683  000.676  000.140: require('nvim-tree.actions.finders')
041.888  000.103  000.103: require('nvim-tree.node.file')
041.894  000.158  000.056: require('nvim-tree.actions.fs.create-file')
042.018  000.055  000.055: require('nvim-tree.lib')
042.137  000.062  000.062: require('nvim-tree.node.link')
042.148  000.127  000.065: require('nvim-tree.node.directory-link')
042.153  000.257  000.075: require('nvim-tree.actions.fs.remove-file')
042.265  000.068  000.068: require('nvim-tree.actions.fs.rename-file')
042.332  000.063  000.063: require('nvim-tree.actions.fs.trash')
042.336  000.650  000.103: require('nvim-tree.actions.fs')
042.517  000.079  000.079: require('nvim-tree.diagnostics')
042.523  000.136  000.056: require('nvim-tree.actions.moves.item')
042.577  000.052  000.052: require('nvim-tree.actions.moves.parent')
042.625  000.046  000.046: require('nvim-tree.actions.moves.sibling')
042.629  000.290  000.058: require('nvim-tree.actions.moves')
042.731  000.052  000.052: require('nvim-tree.actions.node.file-popup')
042.910  000.073  000.073: require('nvim-tree.renderer.components.full-name')
042.917  000.183  000.109: require('nvim-tree.actions.node.open-file')
042.972  000.053  000.053: require('nvim-tree.actions.node.run-command')
043.034  000.058  000.058: require('nvim-tree.actions.node.system-open')
043.092  000.055  000.055: require('nvim-tree.actions.node.buffer')
043.096  000.465  000.064: require('nvim-tree.actions.node')
043.212  000.053  000.053: require('nvim-tree.actions.tree.find-file')
043.276  000.062  000.062: require('nvim-tree.actions.tree.collapse')
043.334  000.054  000.054: require('nvim-tree.actions.tree.open')
043.391  000.053  000.053: require('nvim-tree.actions.tree.toggle')
043.441  000.048  000.048: require('nvim-tree.actions.tree.resize')
043.447  000.349  000.079: require('nvim-tree.actions.tree')
043.451  002.537  000.107: require('nvim-tree.actions')
043.511  006.484  000.333: require('nvim-tree')
043.987  000.025  000.025: sourcing nvim_exec2() called at /home/thapelo/dotfiles/.config/nvim/init.lua:0
044.005  000.010  000.010: sourcing nvim_exec2() called at /home/thapelo/dotfiles/.config/nvim/init.lua:0
044.228  000.197  000.197: require('nvim-tree.appearance')
045.334  000.077  000.077: require('nvim-tree.buffers')
045.530  000.098  000.098: require('nvim-tree.git.runner')
045.674  000.140  000.140: require('nvim-tree.watcher')
045.694  000.354  000.116: require('nvim-tree.git')
045.905  000.111  000.111: require('nvim-tree.node.file-link')
045.910  000.213  000.102: require('nvim-tree.node.factory')
045.997  000.085  000.085: require('nvim-tree.node.root')
046.186  000.086  000.086: require('nvim-tree.enum')
046.205  000.203  000.117: require('nvim-tree.explorer.filters')
046.361  000.154  000.154: require('nvim-tree.marks')
046.534  000.169  000.169: require('nvim-tree.explorer.live-filter')
046.726  000.188  000.188: require('nvim-tree.explorer.sorter')
046.942  000.211  000.211: require('nvim-tree.actions.fs.clipboard')
047.412  000.089  000.089: require('nvim-tree.renderer.decorator.builtin')
047.420  000.216  000.126: require('nvim-tree.renderer.decorator.bookmarks')
047.532  000.109  000.109: require('nvim-tree.renderer.decorator.copied')
047.674  000.138  000.138: require('nvim-tree.renderer.decorator.cut')
047.797  000.119  000.119: require('nvim-tree.renderer.decorator.diagnostics')
047.914  000.114  000.114: require('nvim-tree.renderer.decorator.git')
048.023  000.088  000.088: require('nvim-tree.renderer.decorator.hidden')
048.105  000.077  000.077: require('nvim-tree.renderer.decorator.modified')
048.198  000.090  000.090: require('nvim-tree.renderer.decorator.opened')
048.298  000.096  000.096: require('nvim-tree.renderer.components.padding')
048.341  001.287  000.241: require('nvim-tree.renderer.builder')
048.352  001.406  000.119: require('nvim-tree.renderer')
048.388  003.366  000.307: require('nvim-tree.explorer')
048.490  000.099  000.099: require('nvim-tree.explorer.watch')
048.593  000.080  000.080: require('nvim-tree.renderer.components')
048.910  000.181  000.181: require('nvim-web-devicons.filetypes')
050.774  001.334  001.334: require('nvim-web-devicons.default.icons_by_filename')
051.425  000.643  000.643: require('nvim-web-devicons.default.icons_by_file_extension')
051.980  000.548  000.548: require('nvim-web-devicons.default.icons_by_operating_system')
052.062  000.076  000.076: require('nvim-web-devicons.default.icons_by_desktop_environment')
052.130  000.064  000.064: require('nvim-web-devicons.default.icons_by_window_manager')
052.134  002.872  000.208: require('nvim-web-devicons.icons-default')
052.611  004.013  000.960: require('nvim-web-devicons')
059.880  000.145  000.145: require('nvim-tree.help')
060.136  000.112  000.112: require('nvim-tree.api.impl.post')
061.707  001.351  001.351: sourcing /home/thapelo/.local/share/nvim/lazy/vim-fugitive/plugin/fugitive.vim
061.717  001.401  000.050: sourcing nvim_exec2() called at /home/thapelo/dotfiles/.config/nvim/init.lua:0
061.733  000.003  000.003: sourcing nvim_exec2() called at /home/thapelo/dotfiles/.config/nvim/init.lua:0
061.932  000.015  000.015: sourcing /home/thapelo/.local/share/nvim/lazy/vim-fugitive/ftdetect/fugitive.vim
061.939  000.061  000.046: sourcing nvim_exec2() called at /home/thapelo/dotfiles/.config/nvim/init.lua:0
061.947  000.002  000.002: sourcing nvim_exec2() called at /home/thapelo/dotfiles/.config/nvim/init.lua:0
062.192  000.005  000.005: sourcing nvim_exec2() called at /home/thapelo/dotfiles/.config/nvim/init.lua:0
062.205  000.002  000.002: sourcing nvim_exec2() called at /home/thapelo/dotfiles/.config/nvim/init.lua:0
062.818  000.076  000.076: require('lualine_require')
063.276  001.063  000.987: require('lualine')
063.344  000.063  000.063: require('lazy.status')
063.808  000.025  000.025: sourcing nvim_exec2() called at /home/thapelo/dotfiles/.config/nvim/init.lua:0
064.474  000.019  000.019: sourcing nvim_exec2() called at /home/thapelo/dotfiles/.config/nvim/init.lua:0
064.518  000.007  000.007: sourcing nvim_exec2() called at /home/thapelo/dotfiles/.config/nvim/init.lua:0
064.533  000.004  000.004: sourcing nvim_exec2() called at /home/thapelo/dotfiles/.config/nvim/init.lua:0
064.548  000.005  000.005: sourcing nvim_exec2() called at /home/thapelo/dotfiles/.config/nvim/init.lua:0
064.561  000.005  000.005: sourcing nvim_exec2() called at /home/thapelo/dotfiles/.config/nvim/init.lua:0
064.574  000.005  000.005: sourcing nvim_exec2() called at /home/thapelo/dotfiles/.config/nvim/init.lua:0
064.587  000.004  000.004: sourcing nvim_exec2() called at /home/thapelo/dotfiles/.config/nvim/init.lua:0
064.598  000.003  000.003: sourcing nvim_exec2() called at /home/thapelo/dotfiles/.config/nvim/init.lua:0
064.609  000.004  000.004: sourcing nvim_exec2() called at /home/thapelo/dotfiles/.config/nvim/init.lua:0
064.622  000.004  000.004: sourcing nvim_exec2() called at /home/thapelo/dotfiles/.config/nvim/init.lua:0
064.632  000.003  000.003: sourcing nvim_exec2() called at /home/thapelo/dotfiles/.config/nvim/init.lua:0
064.642  000.003  000.003: sourcing nvim_exec2() called at /home/thapelo/dotfiles/.config/nvim/init.lua:0
064.652  000.004  000.004: sourcing nvim_exec2() called at /home/thapelo/dotfiles/.config/nvim/init.lua:0
064.663  000.003  000.003: sourcing nvim_exec2() called at /home/thapelo/dotfiles/.config/nvim/init.lua:0
064.672  000.003  000.003: sourcing nvim_exec2() called at /home/thapelo/dotfiles/.config/nvim/init.lua:0
064.683  000.004  000.004: sourcing nvim_exec2() called at /home/thapelo/dotfiles/.config/nvim/init.lua:0
064.692  000.003  000.003: sourcing nvim_exec2() called at /home/thapelo/dotfiles/.config/nvim/init.lua:0
064.704  000.004  000.004: sourcing nvim_exec2() called at /home/thapelo/dotfiles/.config/nvim/init.lua:0
064.715  000.004  000.004: sourcing nvim_exec2() called at /home/thapelo/dotfiles/.config/nvim/init.lua:0
064.737  000.018  000.018: sourcing nvim_exec2() called at /home/thapelo/dotfiles/.config/nvim/init.lua:0
065.900  000.011  000.011: sourcing nvim_exec2() called at /home/thapelo/dotfiles/.config/nvim/init.lua:0
065.920  000.005  000.005: sourcing nvim_exec2() called at /home/thapelo/dotfiles/.config/nvim/init.lua:0
065.935  000.004  000.004: sourcing nvim_exec2() called at /home/thapelo/dotfiles/.config/nvim/init.lua:0
065.948  000.004  000.004: sourcing nvim_exec2() called at /home/thapelo/dotfiles/.config/nvim/init.lua:0
065.959  000.003  000.003: sourcing nvim_exec2() called at /home/thapelo/dotfiles/.config/nvim/init.lua:0
066.015  000.005  000.005: sourcing nvim_exec2() called at /home/thapelo/dotfiles/.config/nvim/init.lua:0
066.073  000.006  000.006: sourcing nvim_exec2() called at /home/thapelo/dotfiles/.config/nvim/init.lua:0
067.012  000.012  000.012: sourcing nvim_exec2() called at /home/thapelo/dotfiles/.config/nvim/init.lua:0
067.029  000.007  000.007: sourcing nvim_exec2() called at /home/thapelo/dotfiles/.config/nvim/init.lua:0
067.406  000.011  000.011: sourcing nvim_exec2() called at /home/thapelo/dotfiles/.config/nvim/init.lua:0
067.424  000.004  000.004: sourcing nvim_exec2() called at /home/thapelo/dotfiles/.config/nvim/init.lua:0
067.437  000.004  000.004: sourcing nvim_exec2() called at /home/thapelo/dotfiles/.config/nvim/init.lua:0
067.448  000.004  000.004: sourcing nvim_exec2() called at /home/thapelo/dotfiles/.config/nvim/init.lua:0
067.458  000.003  000.003: sourcing nvim_exec2() called at /home/thapelo/dotfiles/.config/nvim/init.lua:0
067.469  000.003  000.003: sourcing nvim_exec2() called at /home/thapelo/dotfiles/.config/nvim/init.lua:0
067.531  000.006  000.006: sourcing nvim_exec2() called at /home/thapelo/dotfiles/.config/nvim/init.lua:0
067.548  000.005  000.005: sourcing nvim_exec2() called at /home/thapelo/dotfiles/.config/nvim/init.lua:0
067.561  000.004  000.004: sourcing nvim_exec2() called at /home/thapelo/dotfiles/.config/nvim/init.lua:0
067.571  000.004  000.004: sourcing nvim_exec2() called at /home/thapelo/dotfiles/.config/nvim/init.lua:0
067.581  000.003  000.003: sourcing nvim_exec2() called at /home/thapelo/dotfiles/.config/nvim/init.lua:0
067.591  000.003  000.003: sourcing nvim_exec2() called at /home/thapelo/dotfiles/.config/nvim/init.lua:0
067.601  000.003  000.003: sourcing nvim_exec2() called at /home/thapelo/dotfiles/.config/nvim/init.lua:0
067.611  000.004  000.004: sourcing nvim_exec2() called at /home/thapelo/dotfiles/.config/nvim/init.lua:0
067.640  000.004  000.004: sourcing nvim_exec2() called at /home/thapelo/dotfiles/.config/nvim/init.lua:0
067.651  000.003  000.003: sourcing nvim_exec2() called at /home/thapelo/dotfiles/.config/nvim/init.lua:0
067.660  000.003  000.003: sourcing nvim_exec2() called at /home/thapelo/dotfiles/.config/nvim/init.lua:0
067.670  000.003  000.003: sourcing nvim_exec2() called at /home/thapelo/dotfiles/.config/nvim/init.lua:0
067.680  000.004  000.004: sourcing nvim_exec2() called at /home/thapelo/dotfiles/.config/nvim/init.lua:0
067.690  000.003  000.003: sourcing nvim_exec2() called at /home/thapelo/dotfiles/.config/nvim/init.lua:0
067.701  000.004  000.004: sourcing nvim_exec2() called at /home/thapelo/dotfiles/.config/nvim/init.lua:0
067.950  000.013  000.013: sourcing nvim_exec2() called at /home/thapelo/dotfiles/.config/nvim/init.lua:0
067.964  000.004  000.004: sourcing nvim_exec2() called at /home/thapelo/dotfiles/.config/nvim/init.lua:0
067.971  000.004  000.004: sourcing nvim_exec2() called at /home/thapelo/dotfiles/.config/nvim/init.lua:0
067.982  000.006  000.006: sourcing nvim_exec2() called at /home/thapelo/dotfiles/.config/nvim/init.lua:0
070.108  000.028  000.028: sourcing nvim_exec2() called at /home/thapelo/dotfiles/.config/nvim/init.lua:0
070.135  000.005  000.005: sourcing nvim_exec2() called at /home/thapelo/dotfiles/.config/nvim/init.lua:0
070.155  000.006  000.006: sourcing nvim_exec2() called at /home/thapelo/dotfiles/.config/nvim/init.lua:0
070.170  000.004  000.004: sourcing nvim_exec2() called at /home/thapelo/dotfiles/.config/nvim/init.lua:0
070.185  000.004  000.004: sourcing nvim_exec2() called at /home/thapelo/dotfiles/.config/nvim/init.lua:0
070.201  000.004  000.004: sourcing nvim_exec2() called at /home/thapelo/dotfiles/.config/nvim/init.lua:0
070.216  000.005  000.005: sourcing nvim_exec2() called at /home/thapelo/dotfiles/.config/nvim/init.lua:0
070.235  000.005  000.005: sourcing nvim_exec2() called at /home/thapelo/dotfiles/.config/nvim/init.lua:0
070.251  000.004  000.004: sourcing nvim_exec2() called at /home/thapelo/dotfiles/.config/nvim/init.lua:0
070.263  000.005  000.005: sourcing nvim_exec2() called at /home/thapelo/dotfiles/.config/nvim/init.lua:0
070.295  000.005  000.005: sourcing nvim_exec2() called at /home/thapelo/dotfiles/.config/nvim/init.lua:0
070.306  000.003  000.003: sourcing nvim_exec2() called at /home/thapelo/dotfiles/.config/nvim/init.lua:0
070.321  000.004  000.004: sourcing nvim_exec2() called at /home/thapelo/dotfiles/.config/nvim/init.lua:0
070.335  000.004  000.004: sourcing nvim_exec2() called at /home/thapelo/dotfiles/.config/nvim/init.lua:0
070.407  000.011  000.011: sourcing nvim_exec2() called at /home/thapelo/dotfiles/.config/nvim/init.lua:0
070.420  000.004  000.004: sourcing nvim_exec2() called at /home/thapelo/dotfiles/.config/nvim/init.lua:0
070.430  000.003  000.003: sourcing nvim_exec2() called at /home/thapelo/dotfiles/.config/nvim/init.lua:0
070.443  000.004  000.004: sourcing nvim_exec2() called at /home/thapelo/dotfiles/.config/nvim/init.lua:0
070.454  000.004  000.004: sourcing nvim_exec2() called at /home/thapelo/dotfiles/.config/nvim/init.lua:0
070.467  000.004  000.004: sourcing nvim_exec2() called at /home/thapelo/dotfiles/.config/nvim/init.lua:0
070.478  000.004  000.004: sourcing nvim_exec2() called at /home/thapelo/dotfiles/.config/nvim/init.lua:0
070.493  000.004  000.004: sourcing nvim_exec2() called at /home/thapelo/dotfiles/.config/nvim/init.lua:0
070.518  000.004  000.004: sourcing nvim_exec2() called at /home/thapelo/dotfiles/.config/nvim/init.lua:0
070.528  000.004  000.004: sourcing nvim_exec2() called at /home/thapelo/dotfiles/.config/nvim/init.lua:0
070.541  000.004  000.004: sourcing nvim_exec2() called at /home/thapelo/dotfiles/.config/nvim/init.lua:0
070.551  000.004  000.004: sourcing nvim_exec2() called at /home/thapelo/dotfiles/.config/nvim/init.lua:0
070.561  000.003  000.003: sourcing nvim_exec2() called at /home/thapelo/dotfiles/.config/nvim/init.lua:0
070.575  000.004  000.004: sourcing nvim_exec2() called at /home/thapelo/dotfiles/.config/nvim/init.lua:0
071.187  000.109  000.109: require('lualine.utils.mode')
071.351  000.022  000.022: sourcing nvim_exec2() called at /home/thapelo/dotfiles/.config/nvim/init.lua:0
071.406  000.013  000.013: sourcing nvim_exec2() called at /home/thapelo/dotfiles/.config/nvim/init.lua:0
071.445  000.029  000.029: sourcing nvim_exec2() called at /home/thapelo/dotfiles/.config/nvim/init.lua:0
071.469  000.011  000.011: sourcing nvim_exec2() called at /home/thapelo/dotfiles/.config/nvim/init.lua:0
071.484  000.008  000.008: sourcing nvim_exec2() called at /home/thapelo/dotfiles/.config/nvim/init.lua:0
071.673  000.005  000.005: sourcing nvim_exec2() called at /home/thapelo/dotfiles/.config/nvim/init.lua:0
071.688  000.002  000.002: sourcing nvim_exec2() called at /home/thapelo/dotfiles/.config/nvim/init.lua:0
073.114  000.055  000.055: sourcing /home/thapelo/.local/share/nvim/lazy/plenary.nvim/plugin/plenary.vim
073.124  000.112  000.057: sourcing nvim_exec2() called at /home/thapelo/dotfiles/.config/nvim/init.lua:0
073.138  000.004  000.004: sourcing nvim_exec2() called at /home/thapelo/dotfiles/.config/nvim/init.lua:0
073.155  000.002  000.002: sourcing nvim_exec2() called at /home/thapelo/dotfiles/.config/nvim/init.lua:0
073.525  000.005  000.005: sourcing nvim_exec2() called at /home/thapelo/dotfiles/.config/nvim/init.lua:0
073.545  000.002  000.002: sourcing nvim_exec2() called at /home/thapelo/dotfiles/.config/nvim/init.lua:0
073.935  000.034  000.034: sourcing /home/thapelo/.local/share/nvim/lazy/todo-comments.nvim/plugin/todo.vim
073.942  000.077  000.043: sourcing nvim_exec2() called at /home/thapelo/dotfiles/.config/nvim/init.lua:0
073.953  000.002  000.002: sourcing nvim_exec2() called at /home/thapelo/dotfiles/.config/nvim/init.lua:0
073.967  000.002  000.002: sourcing nvim_exec2() called at /home/thapelo/dotfiles/.config/nvim/init.lua:0
074.627  000.189  000.189: require('todo-comments.util')
074.650  000.318  000.129: require('todo-comments.config')
075.341  000.281  000.281: require('todo-comments.highlight')
075.356  000.703  000.422: require('todo-comments.jump')
075.360  001.385  000.364: require('todo-comments')
076.062  000.529  000.529: sourcing /home/thapelo/.local/share/nvim/lazy/telescope.nvim/plugin/telescope.lua
076.111  000.634  000.106: sourcing nvim_exec2() called at /home/thapelo/dotfiles/.config/nvim/init.lua:0
076.128  000.005  000.005: sourcing nvim_exec2() called at /home/thapelo/dotfiles/.config/nvim/init.lua:0
076.149  000.002  000.002: sourcing nvim_exec2() called at /home/thapelo/dotfiles/.config/nvim/init.lua:0
076.655  000.160  000.160: require('telescope._extensions')
076.664  000.505  000.345: require('telescope')
078.220  000.203  000.203: require('plenary.bit')
078.361  000.135  000.135: require('plenary.functional')
078.439  000.654  000.316: require('plenary.path')
078.461  001.036  000.382: require('plenary.strings')
078.602  000.139  000.139: require('telescope.deprecated')
079.242  000.216  000.216: require('plenary.log')
079.339  000.465  000.249: require('telescope.log')
079.920  000.123  000.123: require('plenary.compat')
079.941  000.355  000.232: require('plenary.job')
080.053  000.108  000.108: require('telescope.state')
080.112  000.768  000.305: require('telescope.utils')
080.139  001.533  000.299: require('telescope.sorters')
084.382  007.356  004.649: require('telescope.config')
085.581  000.663  000.663: require('plenary.window.border')
085.767  000.180  000.180: require('plenary.window')
085.828  000.056  000.056: require('plenary.popup.utils')
085.835  001.442  000.543: require('plenary.popup')
085.912  000.074  000.074: require('telescope.pickers.scroller')
085.985  000.069  000.069: require('telescope.actions.state')
086.058  000.070  000.070: require('telescope.actions.utils')
086.215  000.073  000.073: require('telescope.actions.mt')
086.238  000.177  000.104: require('telescope.actions.set')
086.381  000.075  000.075: require('telescope.config.resolve')
086.388  000.148  000.073: require('telescope.pickers.entry_display')
086.468  000.077  000.077: require('telescope.from_entry')
086.759  010.092  000.678: require('telescope.actions')
088.341  000.186  000.186: require('fzf_lib')
088.351  000.301  000.115: require('telescope._extensions.fzf')
088.441  016.744  003.615: require('telescope')
088.554  000.108  000.108: require('telescope.themes')
090.100  000.174  000.174: require('telescope._extensions.ui-select')
090.620  000.046  000.046: require('plenary.tbl')
090.628  000.103  000.057: require('plenary.vararg.rotate')
090.631  000.171  000.068: require('plenary.vararg')
090.678  000.045  000.045: require('plenary.errors')
090.685  000.282  000.066: require('plenary.async.async')
090.891  000.049  000.049: require('plenary.async.structs')
090.943  000.157  000.108: require('plenary.async.control')
090.954  000.219  000.062: require('plenary.async.util')
090.957  000.269  000.050: require('plenary.async.tests')
090.960  000.620  000.069: require('plenary.async')
091.049  000.084  000.084: require('telescope.debounce')
091.239  000.186  000.186: require('telescope.mappings')
091.329  000.086  000.086: require('telescope.pickers.highlights')
091.429  000.095  000.095: require('telescope.pickers.window')
091.586  000.069  000.069: require('telescope.algos.linked_list')
091.593  000.161  000.092: require('telescope.entry_manager')
091.659  000.063  000.063: require('telescope.pickers.multi')
091.684  001.573  000.277: require('telescope.pickers')
091.974  000.212  000.212: require('telescope.make_entry')
092.045  000.068  000.068: require('telescope.finders.async_static_finder')
092.232  000.044  000.044: require('plenary.class')
092.314  000.200  000.155: require('telescope._')
092.319  000.270  000.071: require('telescope.finders.async_oneshot_finder')
092.393  000.072  000.072: require('telescope.finders.async_job_finder')
092.402  000.715  000.092: require('telescope.finders')
092.475  000.061  000.061: require('vim.ui')
092.749  000.053  000.053: sourcing /home/thapelo/.local/share/nvim/lazy/nvim-colorizer.lua/plugin/colorizer.lua
092.758  000.105  000.053: sourcing nvim_exec2() called at /home/thapelo/dotfiles/.config/nvim/init.lua:0
092.772  000.005  000.005: sourcing nvim_exec2() called at /home/thapelo/dotfiles/.config/nvim/init.lua:0
092.787  000.002  000.002: sourcing nvim_exec2() called at /home/thapelo/dotfiles/.config/nvim/init.lua:0
093.477  000.055  000.055: require('colorizer.color')
093.554  000.071  000.071: require('colorizer.constants')
093.710  000.086  000.086: require('colorizer.trie')
093.993  000.210  000.210: require('colorizer.utils')
094.002  000.288  000.078: require('colorizer.parser.names')
094.066  000.061  000.061: require('colorizer.parser.argb_hex')
094.120  000.050  000.050: require('colorizer.parser.hsl')
094.193  000.070  000.070: require('colorizer.parser.rgb')
094.250  000.053  000.053: require('colorizer.parser.rgba_hex')
094.314  000.060  000.060: require('colorizer.parser.oklch')
094.391  000.074  000.074: require('colorizer.sass')
094.708  000.314  000.314: require('colorizer.parser.xterm')
094.716  001.158  000.102: require('colorizer.matcher')
094.810  000.091  000.091: require('colorizer.tailwind')
094.818  001.473  000.098: require('colorizer.buffer')
094.911  000.091  000.091: require('colorizer.config')
094.934  001.994  000.430: require('colorizer')
095.235  000.073  000.073: require('colorizer.usercmds')
095.794  000.011  000.011: sourcing nvim_exec2() called at /home/thapelo/dotfiles/.config/nvim/init.lua:0
095.812  000.002  000.002: sourcing nvim_exec2() called at /home/thapelo/dotfiles/.config/nvim/init.lua:0
096.218  000.308  000.308: require('blink')
096.286  000.063  000.063: require('blink.config')
096.366  000.066  000.066: require('blink.chartoggle')
096.441  000.071  000.071: require('blink.chartoggle.config')
096.538  000.087  000.087: require('blink.tree')
096.599  000.057  000.057: require('blink.tree.config')
097.005  000.144  000.144: sourcing /home/thapelo/.local/share/nvim/lazy/vim-tmux-navigator/plugin/tmux_navigator.vim
097.014  000.192  000.048: sourcing nvim_exec2() called at /home/thapelo/dotfiles/.config/nvim/init.lua:0
097.028  000.003  000.003: sourcing nvim_exec2() called at /home/thapelo/dotfiles/.config/nvim/init.lua:0
097.045  000.002  000.002: sourcing nvim_exec2() called at /home/thapelo/dotfiles/.config/nvim/init.lua:0
097.658  000.005  000.005: sourcing nvim_exec2() called at /home/thapelo/dotfiles/.config/nvim/init.lua:0
097.704  000.002  000.002: sourcing nvim_exec2() called at /home/thapelo/dotfiles/.config/nvim/init.lua:0
098.131  000.095  000.095: sourcing /home/thapelo/.local/share/nvim/lazy/mason-tool-installer.nvim/plugin/mason-tool-installer.lua
098.139  000.137  000.041: sourcing nvim_exec2() called at /home/thapelo/dotfiles/.config/nvim/init.lua:0
098.165  000.004  000.004: sourcing nvim_exec2() called at /home/thapelo/dotfiles/.config/nvim/init.lua:0
098.204  000.003  000.003: sourcing nvim_exec2() called at /home/thapelo/dotfiles/.config/nvim/init.lua:0
098.221  000.002  000.002: sourcing nvim_exec2() called at /home/thapelo/dotfiles/.config/nvim/init.lua:0
098.245  000.002  000.002: sourcing nvim_exec2() called at /home/thapelo/dotfiles/.config/nvim/init.lua:0
099.263  000.061  000.061: require('mason-core.path')
099.512  000.066  000.066: require('mason-core.functional.data')
099.596  000.076  000.076: require('mason-core.functional.function')
099.700  000.092  000.092: require('mason-core.functional.list')
099.828  000.067  000.067: require('mason-core.functional.relation')
099.894  000.059  000.059: require('mason-core.functional.logic')
099.959  000.058  000.058: require('mason-core.functional.number')
100.045  000.076  000.076: require('mason-core.functional.string')
100.119  000.067  000.067: require('mason-core.functional.table')
100.183  000.056  000.056: require('mason-core.functional.type')
100.189  000.824  000.208: require('mason-core.functional')
100.257  000.988  000.163: require('mason-core.platform')
100.358  000.097  000.097: require('mason.settings')
100.368  001.252  000.107: require('mason-core.installer.InstallLocation')
100.644  000.126  000.126: require('mason-core.log')
100.650  000.202  000.076: require('mason-core.EventEmitter')
100.745  000.091  000.091: require('mason-registry.sources')
100.756  000.385  000.092: require('mason-registry')
100.798  002.542  000.904: require('mason')
100.936  000.053  000.053: require('mason-lspconfig.settings')
100.941  000.140  000.087: require('mason-lspconfig')
101.093  000.053  000.053: require('mason.version')
101.110  000.167  000.114: require('mason-tool-installer')
101.482  000.159  000.159: require('mason.api.command')
101.637  000.113  000.113: require('mason-core.async')
101.779  000.074  000.074: require('mason-core.async.control')
101.850  000.068  000.068: require('mason-core.result')
102.017  000.065  000.065: require('mason-core.async.uv')
102.030  000.176  000.111: require('mason-core.fs')
102.063  000.422  000.104: require('mason-registry.installer')
102.853  000.278  000.278: require('mason-core.process')
103.056  000.195  000.195: require('mason-core.spawn')
103.067  000.609  000.137: require('mason-core.installer.managers.powershell')
103.074  000.751  000.142: require('mason-core.fetch')
103.171  000.093  000.093: require('mason-core.providers')
103.345  000.093  000.093: require('mason-core.optional')
103.907  000.303  000.303: require('mason-core.purl')
103.926  000.470  000.167: require('mason-core.package.AbstractPackage')
104.568  000.175  000.175: require('mason-core.installer.compiler.expr')
104.595  000.375  000.200: require('mason-core.installer.compiler.link')
105.220  000.127  000.127: require('mason-core.installer.context.InstallContextCwd')
105.325  000.101  000.101: require('mason-core.installer.context.InstallContextFs')
105.409  000.080  000.080: require('mason-core.installer.context.InstallContextSpawn')
105.571  000.156  000.156: require('mason-core.receipt')
105.616  000.650  000.186: require('mason-core.installer.context')
105.623  000.792  000.141: require('mason-core.installer')
105.670  000.980  000.188: require('mason-core.installer.managers.std')
105.676  001.078  000.098: require('mason-core.installer.compiler.schemas')
105.845  000.166  000.166: require('mason-core.installer.compiler.util')
105.888  001.831  000.212: require('mason-core.installer.compiler')
106.061  000.168  000.168: require('mason-core.installer.linker')
106.071  002.142  000.143: require('mason-core.installer.InstallRunner')
106.180  000.106  000.106: require('mason-core.installer.UninstallRunner')
106.199  002.851  000.133: require('mason-core.package')
106.205  003.030  000.086: require('mason-registry.sources.util')
106.234  004.042  000.168: require('mason-registry.sources.github')
106.654  000.315  000.315: require('mason-registry.sources.synthesized')
114.705  000.095  000.095: require('mason-lspconfig.mappings')
114.717  000.241  000.146: require('mason-lspconfig.features.automatic_enable')
129.454  000.107  000.107: require('vim.lsp.log')
130.276  000.811  000.811: require('vim.lsp.protocol')
130.555  000.271  000.271: require('vim.lsp.util')
130.696  000.056  000.056: require('vim.lsp.sync')
130.706  000.143  000.087: require('vim.lsp._changetracking')
130.867  000.070  000.070: require('vim.lsp._transport')
130.942  000.232  000.162: require('vim.lsp.rpc')
131.029  001.876  000.311: require('vim.lsp')
137.227  000.053  000.053: require('mason-lspconfig.notify')
137.271  000.198  000.145: require('mason-lspconfig.api.command')
137.910  000.012  000.012: sourcing nvim_exec2() called at /home/thapelo/dotfiles/.config/nvim/init.lua:0
137.969  000.003  000.003: sourcing nvim_exec2() called at /home/thapelo/dotfiles/.config/nvim/init.lua:0
138.595  000.059  000.059: require('bufferline.lazy')
138.686  000.081  000.081: require('bufferline.commands')
138.869  000.174  000.174: require('bufferline.config')
138.877  000.767  000.453: require('bufferline')
139.228  000.127  000.127: require('bufferline.utils')
139.237  000.343  000.216: require('bufferline.groups')
139.376  000.100  000.100: require('bufferline.constants')
139.466  000.082  000.082: require('bufferline.colors')
139.876  000.126  000.126: require('bufferline.highlights')
141.056  000.109  000.109: require('vim.version')
143.121  002.285  002.175: require('bufferline.hover')
143.596  000.240  000.240: require('bufferline.ui')
143.877  000.046  000.046: sourcing /home/thapelo/.local/share/nvim/lazy/twilight.nvim/plugin/twilight.vim
143.885  000.097  000.051: sourcing nvim_exec2() called at /home/thapelo/dotfiles/.config/nvim/init.lua:0
143.897  000.003  000.003: sourcing nvim_exec2() called at /home/thapelo/dotfiles/.config/nvim/init.lua:0
143.914  000.002  000.002: sourcing nvim_exec2() called at /home/thapelo/dotfiles/.config/nvim/init.lua:0
144.561  000.074  000.074: require('twilight.util')
144.653  000.231  000.158: require('twilight.config')
144.760  000.102  000.102: require('twilight.view')
144.766  000.745  000.412: require('twilight')
145.076  000.009  000.009: sourcing nvim_exec2() called at /home/thapelo/dotfiles/.config/nvim/init.lua:0
145.092  000.002  000.002: sourcing nvim_exec2() called at /home/thapelo/dotfiles/.config/nvim/init.lua:0
146.101  000.115  000.115: require('auto-session.config')
146.111  000.191  000.075: require('auto-session.logger')
146.139  000.414  000.223: require('auto-session.lib')
146.157  001.057  000.643: require('auto-session')
147.375  000.169  000.169: require('auto-session.autocmds')
147.609  000.098  000.098: require('auto-session.pickers.telescope')
147.684  000.059  000.059: require('telescope._extensions.session-lens')
148.000  000.071  000.071: sourcing /usr/share/nvim/runtime/plugin/editorconfig.lua
148.009  000.119  000.048: sourcing nvim_exec2() called at /home/thapelo/dotfiles/.config/nvim/init.lua:0
148.294  000.250  000.250: sourcing /usr/share/nvim/runtime/plugin/gzip.vim
148.301  000.282  000.032: sourcing nvim_exec2() called at /home/thapelo/dotfiles/.config/nvim/init.lua:0
148.425  000.083  000.083: sourcing /usr/share/nvim/runtime/plugin/man.lua
148.433  000.116  000.032: sourcing nvim_exec2() called at /home/thapelo/dotfiles/.config/nvim/init.lua:0
149.331  000.270  000.270: sourcing /usr/share/nvim/runtime/pack/dist/opt/matchit/plugin/matchit.vim
149.359  000.891  000.622: sourcing /usr/share/nvim/runtime/plugin/matchit.vim
149.363  000.921  000.030: sourcing nvim_exec2() called at /home/thapelo/dotfiles/.config/nvim/init.lua:0
149.621  000.218  000.218: sourcing /usr/share/nvim/runtime/plugin/matchparen.vim
149.628  000.250  000.032: sourcing nvim_exec2() called at /home/thapelo/dotfiles/.config/nvim/init.lua:0
149.678  000.014  000.014: sourcing /usr/share/nvim/runtime/plugin/netrwPlugin.vim
149.684  000.046  000.032: sourcing nvim_exec2() called at /home/thapelo/dotfiles/.config/nvim/init.lua:0
149.793  000.076  000.076: sourcing /usr/share/nvim/runtime/plugin/osc52.lua
149.800  000.104  000.027: sourcing nvim_exec2() called at /home/thapelo/dotfiles/.config/nvim/init.lua:0
150.049  000.218  000.218: sourcing /usr/share/nvim/runtime/plugin/rplugin.vim
150.056  000.248  000.030: sourcing nvim_exec2() called at /home/thapelo/dotfiles/.config/nvim/init.lua:0
150.177  000.080  000.080: sourcing /usr/share/nvim/runtime/plugin/shada.vim
150.183  000.111  000.031: sourcing nvim_exec2() called at /home/thapelo/dotfiles/.config/nvim/init.lua:0
150.246  000.026  000.026: sourcing /usr/share/nvim/runtime/plugin/spellfile.vim
150.251  000.059  000.033: sourcing nvim_exec2() called at /home/thapelo/dotfiles/.config/nvim/init.lua:0
150.410  000.127  000.127: sourcing /usr/share/nvim/runtime/plugin/tarPlugin.vim
150.416  000.157  000.030: sourcing nvim_exec2() called at /home/thapelo/dotfiles/.config/nvim/init.lua:0
150.546  000.089  000.089: sourcing /usr/share/nvim/runtime/plugin/tohtml.lua
150.553  000.128  000.038: sourcing nvim_exec2() called at /home/thapelo/dotfiles/.config/nvim/init.lua:0
150.624  000.030  000.030: sourcing /usr/share/nvim/runtime/plugin/tutor.vim
150.630  000.069  000.039: sourcing nvim_exec2() called at /home/thapelo/dotfiles/.config/nvim/init.lua:0
150.857  000.191  000.191: sourcing /usr/share/nvim/runtime/plugin/zipPlugin.vim
150.863  000.225  000.034: sourcing nvim_exec2() called at /home/thapelo/dotfiles/.config/nvim/init.lua:0
151.055  142.051  070.303: require('thapelo.lazy')
151.061  145.947  000.024: sourcing /home/thapelo/.config/nvim/init.lua
151.107  000.626: sourcing vimrc file(s)
151.671  000.063  000.063: sourcing /usr/share/nvim/runtime/filetype.lua
152.004  000.094  000.094: sourcing /usr/share/nvim/runtime/syntax/synload.vim
152.122  000.375  000.281: sourcing /usr/share/nvim/runtime/syntax/syntax.vim
152.144  000.599: inits 3
155.239  003.095: reading ShaDa
155.464  000.225: opening buffers
156.104  000.170  000.170: require('vim._system')
164.330  000.162  000.162: require('mason-lspconfig.features.ensure_installed')
194.985  000.814  000.814: require('lazy.async')
195.016  001.247  000.432: require('lazy.manage.process')
195.463  000.443  000.443: require('lazy.manage.semver')
196.113  000.644  000.644: require('lazy.util')
196.130  002.759  000.425: require('lazy.manage.git')
198.081  000.559  000.559: require('lazy.terminal')
198.111  001.181  000.622: require('lazy.manage.task')
198.126  001.784  000.603: require('lazy.manage.runner')
198.143  002.009  000.225: require('lazy.manage')
198.339  000.193  000.193: require('lazy.state')
198.358  005.306  000.345: require('lazy.manage.checker')
198.837  000.033  000.033: sourcing nvim_exec2() called at BufEnter Autocommands for "*":0
199.479  000.012  000.012: sourcing nvim_exec2() called at BufEnter Autocommands for "*":0
199.491  000.005  000.005: sourcing nvim_exec2() called at BufEnter Autocommands for "*":0
199.537  000.011  000.011: sourcing nvim_exec2() called at BufEnter Autocommands for "*":0
199.597  000.009  000.009: sourcing nvim_exec2() called at BufEnter Autocommands for "*":0
199.604  000.003  000.003: sourcing nvim_exec2() called at BufEnter Autocommands for "*":0
199.611  000.004  000.004: sourcing nvim_exec2() called at BufEnter Autocommands for "*":0
199.649  000.008  000.008: sourcing nvim_exec2() called at BufEnter Autocommands for "*":0
199.660  000.005  000.005: sourcing nvim_exec2() called at BufEnter Autocommands for "*":0
199.671  000.005  000.005: sourcing nvim_exec2() called at BufEnter Autocommands for "*":0
199.703  000.005  000.005: sourcing nvim_exec2() called at BufEnter Autocommands for "*":0
199.710  000.002  000.002: sourcing nvim_exec2() called at BufEnter Autocommands for "*":0
199.724  000.003  000.003: sourcing nvim_exec2() called at BufEnter Autocommands for "*":0
199.738  000.003  000.003: sourcing nvim_exec2() called at BufEnter Autocommands for "*":0
199.751  000.003  000.003: sourcing nvim_exec2() called at BufEnter Autocommands for "*":0
199.757  000.003  000.003: sourcing nvim_exec2() called at BufEnter Autocommands for "*":0
199.783  000.004  000.004: sourcing nvim_exec2() called at BufEnter Autocommands for "*":0
199.790  000.003  000.003: sourcing nvim_exec2() called at BufEnter Autocommands for "*":0
199.798  000.005  000.005: sourcing nvim_exec2() called at BufEnter Autocommands for "*":0
199.823  000.003  000.003: sourcing nvim_exec2() called at BufEnter Autocommands for "*":0
199.831  000.003  000.003: sourcing nvim_exec2() called at BufEnter Autocommands for "*":0
199.836  000.002  000.002: sourcing nvim_exec2() called at BufEnter Autocommands for "*":0
200.976  000.064  000.064: require('vim.treesitter.language')
201.028  000.046  000.046: require('vim.func')
201.091  000.055  000.055: require('vim.func._memoize')
201.139  000.351  000.186: require('vim.treesitter.query')
201.205  000.063  000.063: require('vim.treesitter._range')
201.230  000.597  000.183: require('vim.treesitter.languagetree')
201.240  000.869  000.271: require('vim.treesitter')
201.258  001.224  000.355: require('vim.treesitter.highlighter')
206.175  000.084  000.084: sourcing nvim_exec2() called at BufEnter Autocommands for "*":0
209.960  000.176  000.176: require('editorconfig')
210.903  000.004  000.004: sourcing nvim_exec2() called at BufEnter Autocommands for "*":0
210.916  000.001  000.001: sourcing nvim_exec2() called at BufEnter Autocommands for "*":0
217.399  000.149  000.149: require('vim.hl')
223.023  000.167  000.167: require('bufferline.state')
223.050  060.008: BufEnter autocommands
223.058  000.007: editing files in windows
223.495  000.014  000.014: sourcing nvim_exec2() called at VimEnter Autocommands for "*":0
223.542  000.003  000.003: sourcing nvim_exec2() called at VimEnter Autocommands for "*":0
224.157  000.592  000.592: require('alpha.themes.dashboard')
224.464  000.265  000.265: require('alpha')
224.961  000.072  000.072: require('lazy.view.diff')
225.188  000.101  000.101: require('lazy.view.config')
225.203  000.236  000.136: require('lazy.view.float')
225.604  000.126  000.126: require('lazy.view.sections')
225.693  000.083  000.083: require('lazy.view.text')
225.711  000.505  000.296: require('lazy.view.render')
225.724  001.018  000.205: require('lazy.view')
225.963  001.013: VimEnter autocommands
227.975  000.107  000.107: require('vim.termcap')
228.031  000.028  000.028: require('vim.text')
228.077  001.979: UIEnter autocommands
228.798  000.535  000.535: sourcing /usr/share/nvim/runtime/autoload/provider/clipboard.vim
228.811  000.200: before starting main loop
237.072  000.174  000.174: require('bufferline.tabpages')
237.203  000.115  000.115: require('bufferline.models')
237.275  000.067  000.067: require('bufferline.pick')
237.395  000.114  000.114: require('bufferline.duplicates')
237.541  000.017  000.017: sourcing nvim_exec2()
237.551  000.138  000.121: require('bufferline.diagnostics')
238.420  000.146  000.146: require('bufferline.numbers')
238.679  000.125  000.125: require('bufferline.sorters')
238.838  000.094  000.094: require('bufferline.offset')
238.926  000.077  000.077: require('bufferline.custom_area')
239.133  000.131  000.131: require('vim.iter')
240.175  010.181: first screen update
240.182  000.007: --- NVIM STARTED ---

